Example 1:
==========
tshark -r example.pcap -Y http.response | head
tshark -r example.pcap -Y http.response -T fields -e http.response.code  | head
tshark -r example.pcap -Y http.response -T fields -e http.response.code  | sort | uniq -c

Example 2:
==========
tshark -r example.pcap -Y http.request -T fields -e http.host -e http.request.uri | head -20
tshark -r example.pcap -Y http.request -T fields -e http.host -e http.request.uri | head -20 | sed -e 's/?.*$//'
tshark -r example.pcap -Y http.request -T fields -e http.host -e http.request.uri | head -20 | sed -e 's/?.*$//' | sed -e 's#^\(.*\)\t\(.*\)$#http://\1\2#'
tshark -r example.pcap -Y http.request -T fields -e http.host -e http.request.uri | sed -e 's/?.*$//' | sed -e 's#^\(.*\)\t\(.*\)$#http://\1\2#' | sort | uniq -c
tshark -r example.pcap -Y http.request -T fields -e http.host -e http.request.uri | sed -e 's/?.*$//' | sed -e 's#^\(.*\)\t\(.*\)$#http://\1\2#' | sort | uniq -c | sort -rn | head

Example 3:
==========
tshark -r example.pcap -Y "http.request and http.cookie contains \"PHPSESSID=c0bb9d04cebbc765bc9bc366f663fcaf\"" | head
tshark -r example.pcap -Y "http.request and http.cookie contains \"PHPSESSID=c0bb9d04cebbc765bc9bc366f663fcaf\"" -T fields -e tcp.stream | head
tshark -r example.pcap -Y "http.request and http.cookie contains \"PHPSESSID=c0bb9d04cebbc765bc9bc366f663fcaf\"" -T fields -e tcp.stream | awk '{printf("%stcp.stream==%s",sep,$1);sep="||"}'
tshark -r example.pcap -w cookie.pcap -Y `tshark -r example.pcap -Y "http.request and http.cookie contains \"PHPSESSID=c0bb9d04cebbc765bc9bc366f663fcaf\"" -T fields -e tcp.stream | awk '{printf("%stcp.stream==%s",sep,$1);sep="||"}'`
capinfos -Teac example.pcap cookie.pcap 

Example 4:
==========
tshark -r example.pcap -Y "http.request and http contains sake-test1" -T fields -e http.cookie
for cookie in `tshark -r example.pcap -Y "http.request and http contains sake-test1" -T fields -e http.cookie`; do   echo $cookie; done
for cookie in `tshark -r example.pcap -Y "http.request and http contains sake-test1" -T fields -e http.cookie | cut -d ' ' -f2`; do   echo $cookie; done
for cookie in `tshark -r example.pcap -Y "http.request and http contains sake-test1" -T fields -e http.cookie | cut -d ' ' -f2`; do    tmpfile="tmp_`echo $cookie | cut -d '=' -f 2`.pcap";    echo "Processing session cookie $cookie to $tmpfile"; done

Example 5:
==========
tshark  -r example.pcap -Y http.request -T fields -E separator=' ' -e frame.number -e http.request.uri | sed -e 's/\?.*$//' > req
tshark -r example.pcap -Y http.response -T fields -E separator=' ' -e http.request_in -e http.response.code -e http.time > resp
q 'SELECT REQ.c2, count(*), min(RESP.c3), avg(RESP.c3), max (RESP.c3) FROM req AS REQ JOIN resp AS RESP ON REQ.c1=RESP.c1 GROUP BY REQ.c2'
